{"timestamp": "2024-08-05 22:01:25", "level": "ERROR", "message": "Error running the application: No module named 'src'"}
{"timestamp": "2024-08-09 19:47:53", "level": "INFO", "message": "JWT token generated successfully for email: test@example.com. Token will expire in 1 hours"}
{"timestamp": "2024-08-09 19:47:53", "level": "ERROR", "message": "Error decoding JWT token: Mocked error"}
{"timestamp": "2024-08-09 19:47:53", "level": "INFO", "message": "JWT token generated successfully for email: test@example.com. Token will expire in -1 hours"}
{"timestamp": "2024-08-09 19:47:53", "level": "WARNING", "message": "Token has expired."}
{"timestamp": "2024-08-09 19:47:53", "level": "WARNING", "message": "Invalid token."}
{"timestamp": "2024-08-09 19:47:53", "level": "ERROR", "message": "Token must be provided to decode a JWT token."}
{"timestamp": "2024-08-09 19:47:53", "level": "INFO", "message": "JWT token generated successfully for email: test@example.com. Token will expire in 1 hours"}
{"timestamp": "2024-08-09 19:47:53", "level": "INFO", "message": "JWT token decoded successfully for email: test@example.com"}
{"timestamp": "2024-08-09 19:47:53", "level": "INFO", "message": "JWT token generated successfully for email: test@example.com. Token will expire in 1 hours"}
{"timestamp": "2024-08-09 19:47:53", "level": "ERROR", "message": "Error generating JWT token: Mocked error"}
{"timestamp": "2024-08-09 19:47:53", "level": "ERROR", "message": "Email must be provided to generate a JWT token."}
{"timestamp": "2024-08-09 19:47:53", "level": "INFO", "message": "JWT token generated successfully for email: test@example.com. Token will expire in 1 hours"}
{"timestamp": "2024-08-09 19:47:53", "level": "INFO", "message": "JWT token generated successfully for email: test@example.com with no expiration"}
{"timestamp": "2024-08-09 19:48:01", "level": "INFO", "message": "JWT token generated successfully for email: test@example.com. Token will expire in 1 hours"}
{"timestamp": "2024-08-09 19:48:01", "level": "ERROR", "message": "Error decoding JWT token: Mocked error"}
{"timestamp": "2024-08-09 19:48:01", "level": "INFO", "message": "JWT token generated successfully for email: test@example.com. Token will expire in -1 hours"}
{"timestamp": "2024-08-09 19:48:01", "level": "WARNING", "message": "Token has expired."}
{"timestamp": "2024-08-09 19:48:01", "level": "WARNING", "message": "Invalid token."}
{"timestamp": "2024-08-09 19:48:01", "level": "ERROR", "message": "Token must be provided to decode a JWT token."}
{"timestamp": "2024-08-09 19:48:01", "level": "INFO", "message": "JWT token generated successfully for email: test@example.com. Token will expire in 1 hours"}
{"timestamp": "2024-08-09 19:48:01", "level": "INFO", "message": "JWT token decoded successfully for email: test@example.com"}
{"timestamp": "2024-08-09 19:48:01", "level": "INFO", "message": "JWT token generated successfully for email: test@example.com. Token will expire in 1 hours"}
{"timestamp": "2024-08-09 19:48:01", "level": "ERROR", "message": "Error generating JWT token: Mocked error"}
{"timestamp": "2024-08-09 19:48:01", "level": "ERROR", "message": "Email must be provided to generate a JWT token."}
{"timestamp": "2024-08-09 19:48:01", "level": "INFO", "message": "JWT token generated successfully for email: test@example.com. Token will expire in 1 hours"}
{"timestamp": "2024-08-09 19:48:01", "level": "INFO", "message": "JWT token generated successfully for email: test@example.com with no expiration"}
{"timestamp": "2024-08-09 19:49:18", "level": "INFO", "message": "JWT token generated successfully for email: test@example.com. Token will expire in 1 hours"}
{"timestamp": "2024-08-09 19:49:18", "level": "ERROR", "message": "Error decoding JWT token: Mocked error"}
{"timestamp": "2024-08-09 19:49:18", "level": "INFO", "message": "JWT token generated successfully for email: test@example.com. Token will expire in -1 hours"}
{"timestamp": "2024-08-09 19:49:18", "level": "WARNING", "message": "Token has expired."}
{"timestamp": "2024-08-09 19:49:18", "level": "WARNING", "message": "Invalid token."}
{"timestamp": "2024-08-09 19:49:18", "level": "ERROR", "message": "Token must be provided to decode a JWT token."}
{"timestamp": "2024-08-09 19:49:18", "level": "INFO", "message": "JWT token generated successfully for email: test@example.com. Token will expire in 1 hours"}
{"timestamp": "2024-08-09 19:49:18", "level": "INFO", "message": "JWT token decoded successfully for email: test@example.com"}
{"timestamp": "2024-08-09 19:49:18", "level": "INFO", "message": "JWT token generated successfully for email: test@example.com. Token will expire in 1 hours"}
{"timestamp": "2024-08-09 19:49:18", "level": "ERROR", "message": "Error generating JWT token: Mocked error"}
{"timestamp": "2024-08-09 19:49:18", "level": "ERROR", "message": "Email must be provided to generate a JWT token."}
{"timestamp": "2024-08-09 19:49:18", "level": "INFO", "message": "JWT token generated successfully for email: test@example.com. Token will expire in 1 hours"}
{"timestamp": "2024-08-09 19:49:18", "level": "INFO", "message": "JWT token generated successfully for email: test@example.com with no expiration"}
{"timestamp": "2024-08-09 20:03:56", "level": "INFO", "message": "JWT token generated successfully for email: test@example.com. Token will expire in 1 hours"}
{"timestamp": "2024-08-09 20:03:56", "level": "ERROR", "message": "Error decoding JWT token: Mocked error"}
{"timestamp": "2024-08-09 20:03:56", "level": "INFO", "message": "JWT token generated successfully for email: test@example.com. Token will expire in -1 hours"}
{"timestamp": "2024-08-09 20:03:56", "level": "WARNING", "message": "Token has expired."}
{"timestamp": "2024-08-09 20:03:56", "level": "WARNING", "message": "Invalid token."}
{"timestamp": "2024-08-09 20:03:56", "level": "ERROR", "message": "Token must be provided to decode a JWT token."}
{"timestamp": "2024-08-09 20:03:56", "level": "INFO", "message": "JWT token generated successfully for email: test@example.com. Token will expire in 1 hours"}
{"timestamp": "2024-08-09 20:03:56", "level": "INFO", "message": "JWT token decoded successfully for email: test@example.com"}
{"timestamp": "2024-08-09 20:03:56", "level": "INFO", "message": "JWT token generated successfully for email: test@example.com. Token will expire in 1 hours"}
{"timestamp": "2024-08-09 20:03:56", "level": "ERROR", "message": "Error generating JWT token: Mocked error"}
{"timestamp": "2024-08-09 20:03:56", "level": "ERROR", "message": "Email must be provided to generate a JWT token."}
{"timestamp": "2024-08-09 20:03:56", "level": "INFO", "message": "JWT token generated successfully for email: test@example.com. Token will expire in 1 hours"}
{"timestamp": "2024-08-09 20:03:56", "level": "INFO", "message": "JWT token generated successfully for email: test@example.com with no expiration"}
{"timestamp": "2024-08-09 20:05:00", "level": "INFO", "message": "JWT token generated successfully for email: test@example.com. Token will expire in 1 hours"}
{"timestamp": "2024-08-09 20:05:00", "level": "ERROR", "message": "Error decoding JWT token: Mocked error"}
{"timestamp": "2024-08-09 20:05:00", "level": "INFO", "message": "JWT token generated successfully for email: test@example.com. Token will expire in -1 hours"}
{"timestamp": "2024-08-09 20:05:00", "level": "WARNING", "message": "Token has expired."}
{"timestamp": "2024-08-09 20:05:00", "level": "WARNING", "message": "Invalid token."}
{"timestamp": "2024-08-09 20:05:00", "level": "ERROR", "message": "Token must be provided to decode a JWT token."}
{"timestamp": "2024-08-09 20:05:00", "level": "INFO", "message": "JWT token generated successfully for email: test@example.com. Token will expire in 1 hours"}
{"timestamp": "2024-08-09 20:05:00", "level": "INFO", "message": "JWT token decoded successfully for email: test@example.com"}
{"timestamp": "2024-08-09 20:05:00", "level": "INFO", "message": "JWT token generated successfully for email: test@example.com. Token will expire in 1 hours"}
{"timestamp": "2024-08-09 20:05:00", "level": "ERROR", "message": "Error generating JWT token: Mocked error"}
{"timestamp": "2024-08-09 20:05:00", "level": "ERROR", "message": "Email must be provided to generate a JWT token."}
{"timestamp": "2024-08-09 20:05:00", "level": "INFO", "message": "JWT token generated successfully for email: test@example.com. Token will expire in 1 hours"}
{"timestamp": "2024-08-09 20:05:00", "level": "INFO", "message": "JWT token generated successfully for email: test@example.com with no expiration"}
